cfdroid/proguard/seeds.txt
org.cloudfoundry.android.cfdroid.BuildConfig
org.cloudfoundry.android.cfdroid.CloudFoundry
org.cloudfoundry.android.cfdroid.CloudFoundry$Cache
org.cloudfoundry.android.cfdroid.DashboardActivity
org.cloudfoundry.android.cfdroid.DashboardActivity: DashboardActivity()
org.cloudfoundry.android.cfdroid.DashboardActivity$1
org.cloudfoundry.android.cfdroid.R
org.cloudfoundry.android.cfdroid.R$attr
org.cloudfoundry.android.cfdroid.R$attr: int absForceOverflow
org.cloudfoundry.android.cfdroid.R$attr: int actionBarDivider
org.cloudfoundry.android.cfdroid.R$attr: int actionBarItemBackground
org.cloudfoundry.android.cfdroid.R$attr: int actionBarSize
org.cloudfoundry.android.cfdroid.R$attr: int actionBarSplitStyle
org.cloudfoundry.android.cfdroid.R$attr: int actionBarStyle
org.cloudfoundry.android.cfdroid.R$attr: int actionBarTabBarStyle
org.cloudfoundry.android.cfdroid.R$attr: int actionBarTabStyle
org.cloudfoundry.android.cfdroid.R$attr: int actionBarTabTextStyle
org.cloudfoundry.android.cfdroid.R$attr: int actionBarWidgetTheme
org.cloudfoundry.android.cfdroid.R$attr: int actionButtonStyle
org.cloudfoundry.android.cfdroid.R$attr: int actionDropDownStyle
org.cloudfoundry.android.cfdroid.R$attr: int actionMenuTextAppearance
org.cloudfoundry.android.cfdroid.R$attr: int actionMenuTextColor
org.cloudfoundry.android.cfdroid.R$attr: int actionModeBackground
org.cloudfoundry.android.cfdroid.R$attr: int actionModeCloseButtonStyle
org.cloudfoundry.android.cfdroid.R$attr: int actionModeCloseDrawable
org.cloudfoundry.android.cfdroid.R$attr: int actionModePopupWindowStyle
org.cloudfoundry.android.cfdroid.R$attr: int actionModeShareDrawable
org.cloudfoundry.android.cfdroid.R$attr: int actionModeSplitBackground
org.cloudfoundry.android.cfdroid.R$attr: int actionModeStyle
org.cloudfoundry.android.cfdroid.R$attr: int actionOverflowButtonStyle
org.cloudfoundry.android.cfdroid.R$bool
org.cloudfoundry.android.cfdroid.R$bool: int abs__action_bar_embed_tabs
org.cloudfoundry.android.cfdroid.R$bool: int abs__action_bar_expanded_action_views_exclusive
org.cloudfoundry.android.cfdroid.R$bool: int abs__config_actionMenuItemAllCaps
org.cloudfoundry.android.cfdroid.R$bool: int abs__config_allowActionMenuItemTextWithIcon
org.cloudfoundry.android.cfdroid.R$bool: int abs__config_showMenuShortcutsWhenKeyboardPresent
org.cloudfoundry.android.cfdroid.R$bool: int abs__split_action_bar_is_narrow
org.cloudfoundry.android.cfdroid.R$bool: int default_circle_indicator_centered
org.cloudfoundry.android.cfdroid.R$bool: int default_circle_indicator_snap
org.cloudfoundry.android.cfdroid.R$bool: int default_line_indicator_centered
org.cloudfoundry.android.cfdroid.R$bool: int default_title_indicator_selected_bold
org.cloudfoundry.android.cfdroid.R$bool: int default_underline_indicator_fades
...
com.google.android.apps.iosched.ui.widget.DashboardLayout
com.google.android.apps.iosched.ui.widget.DashboardLayout: DashboardLayout(android.content.Context)
com.google.android.apps.iosched.ui.widget.DashboardLayout: DashboardLayout(android.content.Context,android.util.AttributeSet)
com.google.android.apps.iosched.ui.widget.DashboardLayout: DashboardLayout(android.content.Context,android.util.AttributeSet,int)
com.google.inject.Key$NullAnnotationStrategy: com.google.inject.Key$NullAnnotationStrategy[] values()
com.google.inject.Key$NullAnnotationStrategy: com.google.inject.Key$NullAnnotationStrategy valueOf(java.lang.String)
com.google.inject.Stage: com.google.inject.Stage[] values()
com.google.inject.Stage: com.google.inject.Stage valueOf(java.lang.String)
com.google.inject.internal.BytecodeGen$Visibility: com.google.inject.internal.BytecodeGen$Visibility[] values()
com.google.inject.internal.BytecodeGen$Visibility: com.google.inject.internal.BytecodeGen$Visibility valueOf(java.lang.String)
com.google.inject.internal.InjectorImpl$JitLimitation: com.google.inject.internal.InjectorImpl$JitLimitation[] values()
com.google.inject.internal.InjectorImpl$JitLimitation: com.google.inject.internal.InjectorImpl$JitLimitation valueOf(java.lang.String)
com.google.inject.internal.util.$AbstractIterator$State: com.google.inject.internal.util.$AbstractIterator$State[] values()
com.google.inject.internal.util.$AbstractIterator$State: com.google.inject.internal.util.$AbstractIterator$State valueOf(java.lang.String)
com.google.inject.internal.util.$MapMaker$Strength: com.google.inject.internal.util.$MapMaker$Strength[] values()
com.google.inject.internal.util.$MapMaker$Strength: com.google.inject.internal.util.$MapMaker$Strength valueOf(java.lang.String)
com.google.inject.spi.InjectionPoint$Position: com.google.inject.spi.InjectionPoint$Position[] values()
com.google.inject.spi.InjectionPoint$Position: com.google.inject.spi.InjectionPoint$Position valueOf(java.lang.String)
com.viewpagerindicator.CirclePageIndicator: void setCentered(boolean)
com.viewpagerindicator.CirclePageIndicator: void setPageColor(int)
com.viewpagerindicator.CirclePageIndicator: int getPageColor()
com.viewpagerindicator.CirclePageIndicator: void setFillColor(int)
com.viewpagerindicator.CirclePageIndicator: int getFillColor()
com.viewpagerindicator.CirclePageIndicator: void setOrientation(int)
com.viewpagerindicator.CirclePageIndicator: int getOrientation()
com.viewpagerindicator.CirclePageIndicator: void setStrokeColor(int)
com.viewpagerindicator.CirclePageIndicator: int getStrokeColor()
com.viewpagerindicator.CirclePageIndicator: void setStrokeWidth(float)
com.viewpagerindicator.CirclePageIndicator: float getStrokeWidth()
com.viewpagerindicator.CirclePageIndicator: void setRadius(float)
com.viewpagerindicator.CirclePageIndicator: float getRadius()
com.viewpagerindicator.CirclePageIndicator: void setSnap(boolean)
com.viewpagerindicator.CirclePageIndicator: void setViewPager(android.support.v4.view.ViewPager)
com.viewpagerindicator.CirclePageIndicator: void setCurrentItem(int)
com.viewpagerindicator.CirclePageIndicator: void setOnPageChangeListener(android.support.v4.view.ViewPager$OnPageChangeListener)
com.viewpagerindicator.CirclePageIndicator$SavedState
com.viewpagerindicator.CirclePageIndicator$SavedState: android.os.Parcelable$Creator CREATOR