cfdroid/proguard/usage.txt
org.cloudfoundry.android.cfdroid.BuildConfig:
    public static final boolean DEBUG
org.cloudfoundry.android.cfdroid.CloudFoundry:
    88:93:private CloudFoundry(android.app.Activity,android.accounts.AccountManager,org.cloudfoundry.android.cfdroid.CloudFoundry$Cache)
org.cloudfoundry.android.cfdroid.DashboardActivity:
    private android.view.View about
org.cloudfoundry.android.cfdroid.account.Accounts:
    public static final java.lang.String ACCOUNT_TYPE
org.cloudfoundry.android.cfdroid.applications.ApplicationInstanceStatsFragment:
    private android.widget.ListView listView
org.cloudfoundry.android.cfdroid.support.ItemListAdapter:
    32:33:public ItemListAdapter(int,android.view.LayoutInflater)
org.cloudfoundry.android.cfdroid.support.masterdetail.DataHolder:
    public abstract int getSelectedPosition()
org.cloudfoundry.android.cfdroid.support.masterdetail.MasterDetailActivity:
    android.support.v4.app.Fragment leftPane
    129:129:public int getSelectedPosition()
org.cloudfoundry.android.cfdroid.support.masterdetail.MasterDetailEventsCallback:
    public static final java.lang.String KEY_SELECTION
org.cloudfoundry.android.cfdroid.targets.TargetsActivity:
    private static final java.lang.String SELECTION_KEY
org.cloudfoundry.android.cfdroid.targets.TargetsPreferences:
    private static final java.lang.String TARGETS_PREF_KEY
    25:27:public TargetsPreferences(android.content.SharedPreferences)
...
org.springframework.util.ReflectionUtils$FieldCallback
org.springframework.util.ReflectionUtils$FieldFilter:
    public abstract boolean matches(java.lang.reflect.Field)
org.springframework.util.ReflectionUtils$MethodCallback
org.springframework.util.ReflectionUtils$MethodFilter:
    public abstract boolean matches(java.lang.reflect.Method)
org.springframework.util.ResourceUtils:
    public static final java.lang.String CLASSPATH_URL_PREFIX
    public static final java.lang.String FILE_URL_PREFIX
    public static final java.lang.String URL_PROTOCOL_FILE
    public static final java.lang.String URL_PROTOCOL_JAR
    public static final java.lang.String URL_PROTOCOL_ZIP
    public static final java.lang.String URL_PROTOCOL_VFSZIP
    public static final java.lang.String URL_PROTOCOL_VFS
    public static final java.lang.String URL_PROTOCOL_WSJAR
    public static final java.lang.String URL_PROTOCOL_CODE_SOURCE
    public static final java.lang.String JAR_URL_SEPARATOR
    51:51:public ResourceUtils()
    93:104:public static boolean isUrl(java.lang.String)
    118:139:public static java.net.URL getURL(java.lang.String)
    157:175:public static java.io.File getFile(java.lang.String)
    188:188:public static java.io.File getFile(java.net.URL)
    226:226:public static java.io.File getFile(java.net.URI)
    240:246:public static java.io.File getFile(java.net.URI,java.lang.String)
    270:271:public static boolean isJarURL(java.net.URL)
    285:302:public static java.net.URL extractJarFileURL(java.net.URL)
org.springframework.util.SerializationUtils
org.springframework.util.StopWatch
org.springframework.util.StopWatch$TaskInfo
org.springframework.util.StringUtils:
    private static final java.lang.String FOLDER_SEPARATOR
    private static final java.lang.String WINDOWS_FOLDER_SEPARATOR
    private static final java.lang.String TOP_PATH
    private static final java.lang.String CURRENT_PATH
    private static final char EXTENSION_SEPARATOR
    55:55:public StringUtils()
    150:159:public static boolean containsWhitespace(java.lang.CharSequence)
    170:170:public static boolean containsWhitespace(java.lang.String)
    180:190:public static java.lang.String trimWhitespace(java.lang.String)
    201:214:public static java.lang.String trimAllWhitespace(java.lang.String)
    224:231:public static java.lang.String trimLeadingWhitespace(java.lang.String)
    241:248:public static java.lang.String trimTrailingWhitespace(java.lang.String)
    258:265:public static java.lang.String trimLeadingCharacter(java.lang.String,char)
    275:282:public static java.lang.String trimTrailingCharacter(java.lang.String,char)
    294:305:public static boolean startsWithIgnoreCase(java.lang.String,java.lang.String)
    316:328:public static boolean endsWithIgnoreCase(java.lang.String,java.lang.String)
    339:345:public static boolean substringMatch(java.lang.CharSequence,int,java.lang.CharSequence)
    354:364:public static int countOccurrencesOf(java.lang.String,java.lang.String)
    402:402:public static java.lang.String delete(java.lang.String,java.lang.String)
org.springframework.util.StringValueResolver
org.springframework.util.SystemPropertyUtils
org.springframework.util.SystemPropertyUtils$SystemPropertyPlaceholderResolver
org.springframework.util.TypeUtils
org.springframework.util.WeakReferenceMonitor
org.springframework.util.WeakReferenceMonitor$MonitoringProcess
org.springframework.util.WeakReferenceMonitor$ReleaseListener
org.springframework.util.comparator.BooleanComparator
org.springframework.util.comparator.ComparableComparator
org.springframework.util.comparator.CompoundComparator
org.springframework.util.comparator.InvertibleComparator
org.springframework.util.comparator.NullSafeComparator
org.springframework.util.comparator.package-info
org.springframework.util.package-info
org.springframework.util.xml.AbstractStaxContentHandler
org.springframework.util.xml.AbstractStaxXMLReader